2021-09-03T14:12:41.545Z INFO @wdio/local-runner: Run worker command: run
2021-09-03T14:12:42.514Z INFO webdriver: Initiate new session using the WebDriver protocol
2021-09-03T14:12:42.518Z INFO webdriver: [POST] http://localhost:9515/session
2021-09-03T14:12:42.518Z INFO webdriver: DATA {
  capabilities: {
    alwaysMatch: { browserName: 'chrome', acceptInsecureCerts: true },
    firstMatch: [ {} ]
  },
  desiredCapabilities: { browserName: 'chrome', acceptInsecureCerts: true }
}
2021-09-03T14:12:43.566Z INFO webdriver: COMMAND navigateTo("https://peaceful-plateau-46090.herokuapp.com/login")
2021-09-03T14:12:43.566Z INFO webdriver: [POST] http://localhost:9515/session/f61df3d256234f576b113076fd0f69df/url
2021-09-03T14:12:43.566Z INFO webdriver: DATA { url: 'https://peaceful-plateau-46090.herokuapp.com/login' }
2021-09-03T14:12:43.956Z INFO webdriver: COMMAND findElement("css selector", "#email-login")
2021-09-03T14:12:43.956Z INFO webdriver: [POST] http://localhost:9515/session/f61df3d256234f576b113076fd0f69df/element
2021-09-03T14:12:43.957Z INFO webdriver: DATA { using: 'css selector', value: '#email-login' }
2021-09-03T14:12:43.971Z INFO webdriver: RESULT {
  'element-6066-11e4-a52e-4f735466cecf': '66369e65-acde-40a3-b6f2-64b837018657'
}
2021-09-03T14:12:43.980Z INFO webdriver: COMMAND elementClear("66369e65-acde-40a3-b6f2-64b837018657")
2021-09-03T14:12:43.980Z INFO webdriver: [POST] http://localhost:9515/session/f61df3d256234f576b113076fd0f69df/element/66369e65-acde-40a3-b6f2-64b837018657/clear
2021-09-03T14:12:44.023Z INFO webdriver: COMMAND elementSendKeys("66369e65-acde-40a3-b6f2-64b837018657", "noshoes4life@gmail.com")
2021-09-03T14:12:44.023Z INFO webdriver: [POST] http://localhost:9515/session/f61df3d256234f576b113076fd0f69df/element/66369e65-acde-40a3-b6f2-64b837018657/value
2021-09-03T14:12:44.023Z INFO webdriver: DATA { text: 'noshoes4life@gmail.com' }
2021-09-03T14:12:44.081Z INFO webdriver: COMMAND findElement("css selector", "#password-login")
2021-09-03T14:12:44.082Z INFO webdriver: [POST] http://localhost:9515/session/f61df3d256234f576b113076fd0f69df/element
2021-09-03T14:12:44.082Z INFO webdriver: DATA { using: 'css selector', value: '#password-login' }
2021-09-03T14:12:44.090Z INFO webdriver: RESULT {
  'element-6066-11e4-a52e-4f735466cecf': '6b91daf3-89a0-441b-8891-d23c44b5bcd6'
}
2021-09-03T14:12:44.096Z INFO webdriver: COMMAND elementClear("6b91daf3-89a0-441b-8891-d23c44b5bcd6")
2021-09-03T14:12:44.096Z INFO webdriver: [POST] http://localhost:9515/session/f61df3d256234f576b113076fd0f69df/element/6b91daf3-89a0-441b-8891-d23c44b5bcd6/clear
2021-09-03T14:12:44.120Z INFO webdriver: COMMAND elementSendKeys("6b91daf3-89a0-441b-8891-d23c44b5bcd6", "Gloria123")
2021-09-03T14:12:44.120Z INFO webdriver: [POST] http://localhost:9515/session/f61df3d256234f576b113076fd0f69df/element/6b91daf3-89a0-441b-8891-d23c44b5bcd6/value
2021-09-03T14:12:44.120Z INFO webdriver: DATA { text: 'Gloria123' }
2021-09-03T14:12:44.161Z INFO webdriver: COMMAND findElement("css selector", "#login")
2021-09-03T14:12:44.161Z INFO webdriver: [POST] http://localhost:9515/session/f61df3d256234f576b113076fd0f69df/element
2021-09-03T14:12:44.161Z INFO webdriver: DATA { using: 'css selector', value: '#login' }
2021-09-03T14:12:44.169Z INFO webdriver: RESULT {
  'element-6066-11e4-a52e-4f735466cecf': 'f3f292b5-e696-46d8-b647-07b2da05c3ef'
}
2021-09-03T14:12:44.170Z INFO webdriver: COMMAND elementClick("f3f292b5-e696-46d8-b647-07b2da05c3ef")
2021-09-03T14:12:44.170Z INFO webdriver: [POST] http://localhost:9515/session/f61df3d256234f576b113076fd0f69df/element/f3f292b5-e696-46d8-b647-07b2da05c3ef/click
2021-09-03T14:12:44.199Z INFO webdriver: COMMAND findElement("css selector", "#home-page")
2021-09-03T14:12:44.199Z INFO webdriver: [POST] http://localhost:9515/session/f61df3d256234f576b113076fd0f69df/element
2021-09-03T14:12:44.199Z INFO webdriver: DATA { using: 'css selector', value: '#home-page' }
2021-09-03T14:12:44.214Z INFO webdriver: RESULT {
  error: 'no such element',
  message: 'no such element: Unable to locate element: {"method":"css selector","selector":"#home-page"}\n' +
    '  (Session info: chrome=92.0.4515.159)',
  stacktrace: 'Backtrace:\n' +
    '\tOrdinal0 [0x00FA2A33+2501171]\n' +
    '\tOrdinal0 [0x00F3D1C1+2085313]\n' +
    '\tOrdinal0 [0x00E41FA8+1056680]\n' +
    '\tOrdinal0 [0x00E6C78B+1230731]\n' +
    '\tOrdinal0 [0x00E964A2+1402018]\n' +
    '\tOrdinal0 [0x00E8568A+1332874]\n' +
    '\tOrdinal0 [0x00E948BC+1394876]\n' +
    '\tOrdinal0 [0x00E8551B+1332507]\n' +
    '\tOrdinal0 [0x00E61D74+1187188]\n' +
    '\tOrdinal0 [0x00E62BD9+1190873]\n' +
    '\tGetHandleVerifier [0x0111EFE6+1504438]\n' +
    '\tGetHandleVerifier [0x011CDDA5+2220661]\n' +
    '\tGetHandleVerifier [0x01025589+481881]\n' +
    '\tGetHandleVerifier [0x01024639+477961]\n' +
    '\tOrdinal0 [0x00F428BD+2107581]\n' +
    '\tOrdinal0 [0x00F46728+2123560]\n' +
    '\tOrdinal0 [0x00F46862+2123874]\n' +
    '\tOrdinal0 [0x00F4FA81+2161281]\n' +
    '\tBaseThreadInitThunk [0x76CBFA29+25]\n' +
    '\tRtlGetAppContainerNamedObjectPath [0x778E7A7E+286]\n' +
    '\tRtlGetAppContainerNamedObjectPath [0x778E7A4E+238]\n'
}
2021-09-03T14:12:44.217Z INFO webdriver: COMMAND findElements("css selector", "#home-page")
2021-09-03T14:12:44.218Z INFO webdriver: [POST] http://localhost:9515/session/f61df3d256234f576b113076fd0f69df/elements
2021-09-03T14:12:44.218Z INFO webdriver: DATA { using: 'css selector', value: '#home-page' }
2021-09-03T14:12:44.228Z INFO webdriver: RESULT []
2021-09-03T14:12:44.723Z INFO webdriver: COMMAND findElements("css selector", "#home-page")
2021-09-03T14:12:44.723Z INFO webdriver: [POST] http://localhost:9515/session/f61df3d256234f576b113076fd0f69df/elements
2021-09-03T14:12:44.723Z INFO webdriver: DATA { using: 'css selector', value: '#home-page' }
2021-09-03T14:12:44.734Z INFO webdriver: RESULT []
2021-09-03T14:12:45.220Z INFO webdriver: COMMAND findElements("css selector", "#home-page")
2021-09-03T14:12:45.220Z INFO webdriver: [POST] http://localhost:9515/session/f61df3d256234f576b113076fd0f69df/elements
2021-09-03T14:12:45.220Z INFO webdriver: DATA { using: 'css selector', value: '#home-page' }
2021-09-03T14:12:45.232Z INFO webdriver: RESULT [
  {
    'element-6066-11e4-a52e-4f735466cecf': 'bf0b4a49-6edc-45e5-af1d-a07303788c52'
  }
]
2021-09-03T14:12:45.236Z INFO webdriver: COMMAND findElement("css selector", "#home-page")
2021-09-03T14:12:45.237Z INFO webdriver: [POST] http://localhost:9515/session/f61df3d256234f576b113076fd0f69df/element
2021-09-03T14:12:45.237Z INFO webdriver: DATA { using: 'css selector', value: '#home-page' }
2021-09-03T14:12:45.246Z INFO webdriver: RESULT {
  'element-6066-11e4-a52e-4f735466cecf': 'bf0b4a49-6edc-45e5-af1d-a07303788c52'
}
2021-09-03T14:12:45.248Z INFO webdriver: COMMAND elementClick("bf0b4a49-6edc-45e5-af1d-a07303788c52")
2021-09-03T14:12:45.248Z INFO webdriver: [POST] http://localhost:9515/session/f61df3d256234f576b113076fd0f69df/element/bf0b4a49-6edc-45e5-af1d-a07303788c52/click
2021-09-03T14:12:45.521Z INFO webdriver: COMMAND findElement("css selector", "#logout")
2021-09-03T14:12:45.521Z INFO webdriver: [POST] http://localhost:9515/session/f61df3d256234f576b113076fd0f69df/element
2021-09-03T14:12:45.521Z INFO webdriver: DATA { using: 'css selector', value: '#logout' }
2021-09-03T14:12:45.534Z INFO webdriver: RESULT {
  'element-6066-11e4-a52e-4f735466cecf': 'acdf9b49-bbdf-40b7-a5a7-0bc5f7780e8e'
}
2021-09-03T14:12:45.536Z INFO webdriver: COMMAND elementClick("acdf9b49-bbdf-40b7-a5a7-0bc5f7780e8e")
2021-09-03T14:12:45.536Z INFO webdriver: [POST] http://localhost:9515/session/f61df3d256234f576b113076fd0f69df/element/acdf9b49-bbdf-40b7-a5a7-0bc5f7780e8e/click
2021-09-03T14:12:45.564Z INFO webdriver: COMMAND getLogTypes()
2021-09-03T14:12:45.564Z INFO webdriver: [GET] http://localhost:9515/session/f61df3d256234f576b113076fd0f69df/se/log/types
2021-09-03T14:12:45.565Z INFO webdriver: RESULT [ 'browser', 'driver' ]
2021-09-03T14:12:45.565Z INFO webdriver: COMMAND getLogs("driver")
2021-09-03T14:12:45.565Z INFO webdriver: [POST] http://localhost:9515/session/f61df3d256234f576b113076fd0f69df/se/log
2021-09-03T14:12:45.565Z INFO webdriver: DATA { type: 'driver' }
2021-09-03T14:12:45.566Z INFO webdriver: COMMAND getLogs("browser")
2021-09-03T14:12:45.566Z INFO webdriver: [POST] http://localhost:9515/session/f61df3d256234f576b113076fd0f69df/se/log
2021-09-03T14:12:45.566Z INFO webdriver: DATA { type: 'browser' }
2021-09-03T14:12:45.568Z INFO webdriver: RESULT []
2021-09-03T14:12:45.568Z INFO webdriver: RESULT [
  {
    level: 'SEVERE',
    message: 'https://peaceful-plateau-46090.herokuapp.com/favicon.ico - Failed to load resource: the server responded with a status of 404 (Not Found)',
    source: 'network',
    timestamp: 1630678364028
  }
]
2021-09-03T14:12:45.570Z INFO webdriver: COMMAND deleteSession()
2021-09-03T14:12:45.570Z INFO webdriver: [DELETE] http://localhost:9515/session/f61df3d256234f576b113076fd0f69df
